Notice
: Trying to get property 'before' of non-object in
/home/thesport/public_html/wp-content/themes/thesportsanctum/inc/menu-walker-class.php
on line
506


Notice
: Uninitialized string offset: 0 in
/home/thesport/public_html/wp-content/themes/thesportsanctum/inc/menu-walker-class.php
on line
513


Notice
: Trying to get property 'link_before' of non-object in
/home/thesport/public_html/wp-content/themes/thesportsanctum/inc/menu-walker-class.php
on line
516


Notice
: Trying to get property 'link_after' of non-object in
/home/thesport/public_html/wp-content/themes/thesportsanctum/inc/menu-walker-class.php
on line
516


Notice
: Trying to get property 'after' of non-object in
/home/thesport/public_html/wp-content/themes/thesportsanctum/inc/menu-walker-class.php
on line
525


Notice
: Trying to get property 'before' of non-object in
/home/thesport/public_html/wp-content/themes/thesportsanctum/inc/menu-walker-class.php
on line
506


Notice
: Uninitialized string offset: 0 in
/home/thesport/public_html/wp-content/themes/thesportsanctum/inc/menu-walker-class.php
on line
513


Notice
: Trying to get property 'link_before' of non-object in
/home/thesport/public_html/wp-content/themes/thesportsanctum/inc/menu-walker-class.php
on line
516


Notice
: Trying to get property 'link_after' of non-object in
/home/thesport/public_html/wp-content/themes/thesportsanctum/inc/menu-walker-class.php
on line
516


Notice
: Trying to get property 'after' of non-object in
/home/thesport/public_html/wp-content/themes/thesportsanctum/inc/menu-walker-class.php
on line
525


Notice
: Trying to get property 'before' of non-object in
/home/thesport/public_html/wp-content/themes/thesportsanctum/inc/menu-walker-class.php
on line
506


Notice
: Uninitialized string offset: 0 in
/home/thesport/public_html/wp-content/themes/thesportsanctum/inc/menu-walker-class.php
on line
513


Notice
: Trying to get property 'link_before' of non-object in
/home/thesport/public_html/wp-content/themes/thesportsanctum/inc/menu-walker-class.php
on line
516


Notice
: Trying to get property 'link_after' of non-object in
/home/thesport/public_html/wp-content/themes/thesportsanctum/inc/menu-walker-class.php
on line
516


Notice
: Trying to get property 'after' of non-object in
/home/thesport/public_html/wp-content/themes/thesportsanctum/inc/menu-walker-class.php
on line
525



